<?xml version="1.0" encoding="UTF-8"?>
<testng-results ignored="0" total="1" passed="1" failed="0" skipped="0">
  <reporter-output>
  </reporter-output>
  <suite started-at="2023-11-12T22:25:54 IST" name="Default suite" finished-at="2023-11-12T22:26:06 IST" duration-ms="12448">
    <groups>
    </groups>
    <test started-at="2023-11-12T22:25:54 IST" name="Default test" finished-at="2023-11-12T22:26:06 IST" duration-ms="12448">
      <class name="testngdemo.MouseHover">
        <test-method is-config="true" signature="setUp()[pri:0, instance:testngdemo.MouseHover@4b2bac3f]" started-at="2023-11-12T22:25:54 IST" name="setUp" finished-at="2023-11-12T22:26:02 IST" duration-ms="8112" status="PASS">
          <reporter-output>
          </reporter-output>
        </test-method> <!-- setUp -->
        <test-method signature="mouseHover()[pri:0, instance:testngdemo.MouseHover@4b2bac3f]" started-at="2023-11-12T22:26:02 IST" name="mouseHover" finished-at="2023-11-12T22:26:06 IST" duration-ms="4233" status="PASS">
          <reporter-output>
          </reporter-output>
        </test-method> <!-- mouseHover -->
      </class> <!-- testngdemo.MouseHover -->
    </test> <!-- Default test -->
  </suite> <!-- Default suite -->
</testng-results>
